0 etc
1194 etc/inetd.conf
0 etc/cron.monthly
102 etc/cron.monthly/.placeholder
0 etc/mtab.fuselock
0 etc/sudoers.d
958 etc/sudoers.d/README
0 etc/groff
1048 etc/groff/man.local
1042 etc/groff/mdoc.local
0 etc/default
48 etc/default/ntfs-3g
92 etc/default/devpts
1118 etc/default/useradd
456 etc/default/ntpdate
15 etc/default/ntp
86 etc/default/halt
1234 etc/default/grub.ucf-dist
1037 etc/default/grub.ucf-old
1251 etc/default/grub
43 etc/default/locale
592 etc/default/keyboard
123 etc/default/cpufrequtils
1226 etc/default/hddtemp
209 etc/default/saned
284 etc/default/sysstat
4069 etc/default/console-setup
931 etc/default/irqbalance
718 etc/default/mdadm
908 etc/default/spamassassin
384 etc/default/cacerts
327 etc/default/fetchmail
59 etc/default/nvidia-kernel
1949 etc/default/saslauthd
428 etc/default/smartmontools
1756 etc/default/nss
1205 etc/default/cyrus2.2
511 etc/default/postgrey
62 etc/default/mailgraph
222 etc/default/bsdmainutils
2314 etc/default/saslauthd.dpkg-dist
133 etc/default/ssh
389 etc/default/nginx
1441 root/.bundle/cache/compact_index/rubygems.org.443.29b0360b937aa4d161703e6160654e47/info/polyglot
409 root/.bundle/cache/compact_index/rubygems.org.443.29b0360b937aa4d161703e6160654e47/info/event-bus
490 root/.bundle/cache/compact_index/rubygems.org.443.29b0360b937aa4d161703e6160654e47/info/multi_test
85 root/.bundle/cache/compact_index/rubygems.org.443.29b0360b937aa4d161703e6160654e47/info/multimap
504 root/.bundle/cache/compact_index/rubygems.org.443.29b0360b937aa4d161703e6160654e47/info/gherkin3
824 root/.bundle/cache/compact_index/rubygems.org.443.29b0360b937aa4d161703e6160654e47/info/diff-lcs
684 root/.bundle/cache/compact_index/rubygems.org.443.29b0360b937aa4d161703e6160654e47/info/spicycode-rcov
571 root/.bundle/cache/compact_index/rubygems.org.443.29b0360b937aa4d161703e6160654e47/info/syntax
166 root/.bundle/cache/compact_index/rubygems.org.443.29b0360b937aa4d161703e6160654e47/info/preforker
490 root/.bundle/cache/compact_index/rubygems.org.443.29b0360b937aa4d161703e6160654e47/info/nenv
504 root/.bundle/cache/compact_index/rubygems.org.443.29b0360b937aa4d161703e6160654e47/info/ref
1298 root/.bundle/cache/compact_index/rubygems.org.443.29b0360b937aa4d161703e6160654e47/info/functional-ruby
247 root/.bundle/cache/compact_index/rubygems.org.443.29b0360b937aa4d161703e6160654e47/info/mab
841 root/.bundle/cache/compact_index/rubygems.org.443.29b0360b937aa4d161703e6160654e47/info/bones-extras
1231 root/.bundle/cache/compact_index/rubygems.org.443.29b0360b937aa4d161703e6160654e47/info/fastthread
85 root/.bundle/cache/compact_index/rubygems.org.443.29b0360b937aa4d161703e6160654e47/info/tlsmail
2545 root/.bundle/cache/compact_index/rubygems.org.443.29b0360b937aa4d161703e6160654e47/info/coffee-script
2027 root/.bundle/cache/compact_index/rubygems.org.443.29b0360b937aa4d161703e6160654e47/info/loquacious
2030 root/.bundle/cache/compact_index/rubygems.org.443.29b0360b937aa4d161703e6160654e47/info/celluloid-essentials
1275 root/.bundle/cache/compact_index/rubygems.org.443.29b0360b937aa4d161703e6160654e47/info/bones-git
484 root/.bundle/cache/compact_index/rubygems.org.443.29b0360b937aa4d161703e6160654e47/info/cgi_multipart_eof_fix
1206 root/.bundle/cache/compact_index/rubygems.org.443.29b0360b937aa4d161703e6160654e47/info/celluloid-fsm
937 root/.bundle/cache/compact_index/rubygems.org.443.29b0360b937aa4d161703e6160654e47/info/celluloid-pool
1306 root/.bundle/cache/compact_index/rubygems.org.443.29b0360b937aa4d161703e6160654e47/info/celluloid-extras
629 root/.bundle/cache/compact_index/rubygems.org.443.29b0360b937aa4d161703e6160654e47/info/little-plugger
1312 root/.bundle/cache/compact_index/rubygems.org.443.29b0360b937aa4d161703e6160654e47/info/colorize
2384 root/.bundle/cache/compact_index/rubygems.org.443.29b0360b937aa4d161703e6160654e47/info/http-cookie
1858 root/.bundle/cache/compact_index/rubygems.org.443.29b0360b937aa4d161703e6160654e47/info/netrc
2208 root/.bundle/cache/compact_index/rubygems.org.443.29b0360b937aa4d161703e6160654e47/info/win32console
1883 root/.bundle/cache/compact_index/rubygems.org.443.29b0360b937aa4d161703e6160654e47/info/win32-security
1219 root/.bundle/cache/compact_index/rubygems.org.443.29b0360b937aa4d161703e6160654e47/info/ansi
5646 root/.bundle/cache/compact_index/rubygems.org.443.29b0360b937aa4d161703e6160654e47/info/facets
525 root/.bundle/cache/compact_index/rubygems.org.443.29b0360b937aa4d161703e6160654e47/info/bones-rspec
85 root/.bundle/cache/compact_index/rubygems.org.443.29b0360b937aa4d161703e6160654e47/info/termios
112 root/.bundle/cache/compact_index/rubygems.org.443.29b0360b937aa4d161703e6160654e47/info/bones-zentest
118 root/.bundle/cache/compact_index/rubygems.org.443.29b0360b937aa4d161703e6160654e47/info/bones-rubyforge
354 root/.bundle/cache/compact_index/rubygems.org.443.29b0360b937aa4d161703e6160654e47/info/dotenv-deployment
2606 root/.bundle/cache/compact_index/rubygems.org.443.29b0360b937aa4d161703e6160654e47/info/coffee-script-source
208 root/.bundle/cache/compact_index/rubygems.org.443.29b0360b937aa4d161703e6160654e47/info/bones-rcov
1909 root/.bundle/cache/compact_index/rubygems.org.443.29b0360b937aa4d161703e6160654e47/info/win32-dir
1354 root/.bundle/cache/compact_index/rubygems.org.443.29b0360b937aa4d161703e6160654e47/info/windows-api
839 root/.bundle/cache/compact_index/rubygems.org.443.29b0360b937aa4d161703e6160654e47/info/jruby-pageant
360 root/.bundle/cache/compact_index/rubygems.org.443.29b0360b937aa4d161703e6160654e47/info/ffi-win32-extensions
571 root/.bundle/cache/compact_index/rubygems.org.443.29b0360b937aa4d161703e6160654e47/info/mkrf
652 root/.bundle/cache/compact_index/rubygems.org.443.29b0360b937aa4d161703e6160654e47/info/needle
6924 root/.bundle/cache/compact_index/rubygems.org.443.29b0360b937aa4d161703e6160654e47/info/echoe
1114 root/.bundle/cache/compact_index/rubygems.org.443.29b0360b937aa4d161703e6160654e47/info/astrolabe
733 root/.bundle/cache/compact_index/rubygems.org.443.29b0360b937aa4d161703e6160654e47/info/pattern-match
1418 root/.bundle/cache/compact_index/rubygems.org.443.29b0360b937aa4d161703e6160654e47/info/unf
0 root/.bundle/cache/compact_index/rubygems.org.443.29b0360b937aa4d161703e6160654e47/info-special-characters
5526 root/.bundle/cache/compact_index/rubygems.org.443.29b0360b937aa4d161703e6160654e47/info-special-characters/ZenTest-72d945c087709fb89086cd9a29466c4d
3516 root/.bundle/cache/compact_index/rubygems.org.443.29b0360b937aa4d161703e6160654e47/info-special-characters/RubyInline-bb8de470fe25da785daa7103b796cbb0
3309 root/.bundle/cache/compact_index/rubygems.org.443.29b0360b937aa4d161703e6160654e47/info-special-characters/CFPropertyList-af6e634752764d9c328642293f28eaee
1915 root/.bundle/cache/compact_index/rubygems.org.443.29b0360b937aa4d161703e6160654e47/info-special-characters/http_parser.rb-3d01dafd2e2dc7702495f6f06f360d49
107 root/.bundle/cache/compact_index/rubygems.org.443.29b0360b937aa4d161703e6160654e47/info-special-characters/SexpProcessor-279a3902a42d95552801b89581216e61
4859 root/.bundle/cache/compact_index/rubygems.org.443.29b0360b937aa4d161703e6160654e47/info-special-characters/ParseTree-405fcd45b4c29adf532d2f46c40685b9
30073470 root/.bundle/cache/compact_index/rubygems.org.443.29b0360b937aa4d161703e6160654e47/versions
0 root/user_external_upgraded
0 root/user_external_upgraded/appinfo
317 root/user_external_upgraded/appinfo/app.php
986 root/user_external_upgraded/appinfo/database.xml
1067 root/user_external_upgraded/appinfo/info.xml
4221 root/user_external_upgraded/appinfo/signature.json
0 root/user_external_upgraded/img
1569 root/user_external_upgraded/img/app.svg
0 root/user_external_upgraded/lib
5783 root/user_external_upgraded/lib/base.php
1688 root/user_external_upgraded/lib/basicauth.php
1784 root/user_external_upgraded/lib/ftp.php
0 root/user_external_upgraded/lib/imap
134434 root/user_external_upgraded/lib/imap/imap_rcube.php
2352 root/user_external_upgraded/lib/imap.php
2476 root/user_external_upgraded/lib/smb.php
1387 root/user_external_upgraded/lib/webdavauth.php
3426 root/user_external_upgraded/lib/xmpp.php
0 root/restore
0 root/restore/files
0 root/restore/files/.irssi
7762 root/restore/files/.irssi/config
7631 root/restore/files/.irssi/config.autosave
8472 root/restore/files/.irssi/default.theme
4096 root/restore/files/._.DS_Store
248 root/restore/files/.lyndisk
10244 root/restore/files/.DS_Store
19624723 root/restore/restore.sql
0 root/.subversion
0 root/.subversion/auth
0 root/.subversion/auth/svn.simple
0 root/.subversion/auth/svn.username
0 root/.subversion/auth/svn.ssl.server
0 root/.subversion/auth/svn.ssl.client-passphrase
4276 root/.subversion/README.txt
7674 root/.subversion/servers
6813 root/.subversion/config
0 root/rising-voices.de
1704 root/rising-voices.de/rising-voices_privatekey.pem
1017 root/rising-voices.de/rising-voices_csr.pem
3247 root/rising-voices.de/privkey.pem
4251 root/rising-voices.de/csr
2000 root/rising-voices.de/rising-voices_cert.crt
0 root/.mc
5024 root/.mc/history
2538 root/.mc/ini
717 root/.mc/panels.ini
35 root/.mc/Tree
0 root/.config
0 root/.config/htop
669 root/.config/htop/htoprc
0 root/.config/lftp
0 root/.nvm
0 root/.nvm/.git
0 root/.nvm/.git/refs
0 root/.nvm/.git/refs/heads
0 root/.nvm/.git/refs/tags
0 root/.nvm/.git/hooks
478 root/.nvm/.git/hooks/applypatch-msg.sample
3610 root/.nvm/.git/hooks/update.sample
1348 root/.nvm/.git/hooks/pre-push.sample
1239 root/.nvm/.git/hooks/prepare-commit-msg.sample
896 root/.nvm/.git/hooks/commit-msg.sample
424 root/.nvm/.git/hooks/pre-applypatch.sample
189 root/.nvm/.git/hooks/post-update.sample
4898 root/.nvm/.git/hooks/pre-rebase.sample
1642 root/.nvm/.git/hooks/pre-commit.sample
0 root/.nvm/.git/info
240 root/.nvm/.git/info/exclude
73 root/.nvm/.git/description
0 root/.nvm/.git/branches
0 root/.nvm/.git/objects
0 root/.nvm/.git/objects/pack
118814 root/.nvm/.git/objects/pack/pack-e71701cd5d16859d19c41e7d69ce4c504ac5cb49.pack
8436 root/.nvm/.git/objects/pack/pack-e71701cd5d16859d19c41e7d69ce4c504ac5cb49.idx
0 root/.nvm/.git/objects/info
201 root/.nvm/.git/config
41 root/.nvm/.git/shallow
140 root/.nvm/.git/packed-refs
41 root/.nvm/.git/HEAD
0 root/.nvm/.git/logs
0 root/.nvm/.git/logs/HEAD
28126 root/.nvm/.git/index
0 root/.nvm/alias
0 root/.nvm/alias/lts
11 root/.nvm/alias/lts/*
7 root/.nvm/alias/lts/carbon
8 root/.nvm/alias/lts/boron
7 root/.nvm/alias/lts/argon
8 root/.nvm/alias/default
141 root/.nvm/.dockerignore
10 root/.nvm/.gitattributes
0 root/.nvm/.github
1015 root/.nvm/.github/ISSUE_TEMPLATE.md
252 root/.nvm/.gitignore
51 root/.nvm/.mailmap
19 root/.nvm/.npmrc
3291 root/.nvm/.travis.yml
1050 root/.nvm/CONTRIBUTING.md
3412 root/.nvm/Dockerfile
1084 root/.nvm/LICENSE.md
5382 root/.nvm/Makefile
24348 root/.nvm/README.md
908 root/.nvm/ROADMAP.md
1976 root/.nvm/bash_completion
12492 root/.nvm/install.sh
344 root/.nvm/nvm-exec
107714 root/.nvm/nvm.sh
1847 root/.nvm/package.json
0 root/.nvm/test
1457 root/.nvm/test/common.sh
0 root/.nvm/test/fast
0 root/.nvm/test/fast/Aliases
1325 root/.nvm/test/fast/Aliases/"nvm
1313 root/.nvm/test/fast/Aliases/"nvm
864 root/.nvm/test/fast/Aliases/Running
75 root/.nvm/test/fast/Aliases/Running
1250 root/.nvm/test/fast/Aliases/Running
1695 root/.nvm/test/fast/Aliases/Running
3057 root/.nvm/test/fast/Aliases/Running
0 root/.nvm/test/fast/Aliases/circular
1654 root/.nvm/test/fast/Aliases/circular/nvm_resolve_alias
1714 root/.nvm/test/fast/Aliases/circular/nvm_resolve_local_alias
194 root/.nvm/test/fast/Aliases/circular/setup
162 root/.nvm/test/fast/Aliases/circular/teardown
0 root/.nvm/test/fast/Aliases/lts
355 root/.nvm/test/fast/Aliases/lts/"nvm
191 root/.nvm/test/fast/Aliases/lts/setup_dir
195 root/.nvm/test/fast/Aliases/lts/teardown_dir
695 root/.nvm/test/fast/Aliases/nvm_ensure_default_set
1248 root/.nvm/test/fast/Aliases/nvm_resolve_alias
1544 root/.nvm/test/fast/Aliases/nvm_resolve_local_alias
279 root/.nvm/test/fast/Aliases/setup
412 root/.nvm/test/fast/Aliases/teardown
0 root/.nvm/test/fast/Listing
870 root/.nvm/test/fast/Listing
78 root/.nvm/test/fast/Listing
116 root/.nvm/test/fast/Listing
0 root/.nvm/test/fast/Listing
400 root/.nvm/test/fast/Listing
854 root/.nvm/test/fast/Listing
73 root/.nvm/test/fast/Listing
56 root/.nvm/test/fast/Listing
59 root/.nvm/test/fast/Listing
895 root/.nvm/test/fast/Listing
581 root/.nvm/test/fast/Listing
699 root/.nvm/test/fast/Listing
181 root/.nvm/test/fast/Listing
224 root/.nvm/test/fast/Listing
553 root/.nvm/test/fast/Listing
326 root/.nvm/test/fast/Listing
173 root/.nvm/test/fast/Listing
388 root/.nvm/test/fast/Listing
633 root/.nvm/test/fast/Listing
109 root/.nvm/test/fast/Running
229 root/.nvm/test/fast/Running
957 root/.nvm/test/fast/Running
1630 root/.nvm/test/fast/Running
375 root/.nvm/test/fast/Running
147 root/.nvm/test/fast/Running
152 root/.nvm/test/fast/Running
298 root/.nvm/test/fast/Running
557 root/.nvm/test/fast/Running
992 root/.nvm/test/fast/Running
846 root/.nvm/test/fast/Running
1555 root/.nvm/test/fast/Running
760 root/.nvm/test/fast/Running
2012 root/.nvm/test/fast/Running
41 root/.nvm/test/fast/Sourcing
62 root/.nvm/test/fast/Sourcing
0 root/.nvm/test/fast/Unit
560 root/.nvm/test/fast/Unit
0 root/.nvm/test/fast/Unit
7395 root/.nvm/test/fast/Unit
47753 root/.nvm/test/fast/Unit
656 root/.nvm/test/fast/Unit
1442 root/.nvm/test/fast/Unit
5986 root/.nvm/test/fast/Unit
6642 root/.nvm/test/fast/Unit
351 root/.nvm/test/fast/Unit
443 root/.nvm/test/fast/Unit
7 root/.nvm/test/fast/Unit
2657 root/.nvm/test/fast/Unit
492 root/.nvm/test/fast/Unit
51 root/.nvm/test/fast/Unit
4 root/.nvm/test/fast/Unit
1133 root/.nvm/test/fast/Unit
747 root/.nvm/test/fast/Unit
2271 root/.nvm/test/fast/Unit
408 root/.nvm/test/fast/Unit
1031 root/.nvm/test/fast/Unit
165 root/.nvm/test/fast/Unit
1492 root/.nvm/test/fast/Unit
477 root/.nvm/test/fast/Unit
1608 root/.nvm/test/fast/Unit
1135 root/.nvm/test/fast/Unit
2728 root/.nvm/test/fast/Unit
811 root/.nvm/test/fast/Unit
1252 root/.nvm/test/fast/Unit
1750 root/.nvm/test/fast/Unit
865 root/.nvm/test/fast/Unit
2420 root/.nvm/test/fast/Unit
3553 root/.nvm/test/fast/Unit
523 root/.nvm/test/fast/Unit
2762 root/.nvm/test/fast/Unit
639 root/.nvm/test/fast/Unit
818 root/.nvm/test/fast/Unit
656 root/.nvm/test/fast/Unit
2014 root/.nvm/test/fast/Unit
1207 root/.nvm/test/fast/Unit
272 root/.nvm/test/fast/Unit
455 root/.nvm/test/fast/Unit
1023 root/.nvm/test/fast/Unit
1232 root/.nvm/test/fast/Unit
353 root/.nvm/test/fast/Unit
840 root/.nvm/test/fast/Unit
964 root/.nvm/test/fast/Unit
556 root/.nvm/test/fast/Unit
375 root/.nvm/test/fast/Unit
1337 root/.nvm/test/fast/Unit
178 root/.nvm/test/fast/Unit
520 root/.nvm/test/fast/Unit
381 root/.nvm/test/fast/Unit
426 root/.nvm/test/fast/Unit
591 root/.nvm/test/fast/Unit
625 root/.nvm/test/fast/Unit
1423 root/.nvm/test/fast/Unit
2574 root/.nvm/test/fast/Unit
1186 root/.nvm/test/fast/Unit
1060 root/.nvm/test/fast/Unit
770 root/.nvm/test/fast/Unit
178 root/.nvm/test/fast/Unit
1161 root/.nvm/test/fast/Unit
1565 root/.nvm/test/fast/Unit
1266 root/.nvm/test/fast/Unit
1381 root/.nvm/test/fast/Unit
3380 root/.nvm/test/fast/Unit
623 root/.nvm/test/fast/Unit
3186 root/.nvm/test/fast/Unit
3304 root/.nvm/test/fast/Unit
521 root/.nvm/test/fast/Unit
400 root/.nvm/test/fast/Unit
884 root/.nvm/test/fast/Unit
1022 root/.nvm/test/fast/Unit
496 root/.nvm/test/fast/Unit
1042 root/.nvm/test/fast/Unit
1859 root/.nvm/test/fast/Unit
609 root/.nvm/test/fast/Unit
388 root/.nvm/test/fast/Unit
693 root/.nvm/test/fast/Unit
189 root/.nvm/test/fast/setup
195 root/.nvm/test/fast/setup_dir
196 root/.nvm/test/fast/teardown
157 root/.nvm/test/fast/teardown_dir
0 root/.nvm/test/install_script
1497 root/.nvm/test/install_script/nvm_check_global_modules
3475 root/.nvm/test/install_script/nvm_detect_profile
188 root/.nvm/test/install_script/nvm_do_install
555 root/.nvm/test/install_script/nvm_install_dir
724 root/.nvm/test/install_script/nvm_profile_is_bash_or_zsh
1377 root/.nvm/test/install_script/nvm_reset
1886 root/.nvm/test/install_script/nvm_source
0 root/.nvm/test/installation_iojs
1007 root/.nvm/test/installation_iojs/install
634 root/.nvm/test/installation_iojs/install
664 root/.nvm/test/installation_iojs/install
924 root/.nvm/test/installation_iojs/install
652 root/.nvm/test/installation_iojs/install
632 root/.nvm/test/installation_iojs/install
1161 root/.nvm/test/installation_iojs/install
671 root/.nvm/test/installation_iojs/nvm
63 root/.nvm/test/installation_iojs/setup_dir
244 root/.nvm/test/installation_iojs/teardown_dir
0 root/.nvm/test/installation_node
1290 root/.nvm/test/installation_node/install
705 root/.nvm/test/installation_node/install
678 root/.nvm/test/installation_node/install
834 root/.nvm/test/installation_node/install
588 root/.nvm/test/installation_node/install
950 root/.nvm/test/installation_node/install
761 root/.nvm/test/installation_node/install
1129 root/.nvm/test/installation_node/install
1854 root/.nvm/test/installation_node/install
682 root/.nvm/test/installation_node/install
512 root/.nvm/test/installation_node/install
516 root/.nvm/test/installation_node/install
1013 root/.nvm/test/installation_node/install
269 root/.nvm/test/installation_node/install
63 root/.nvm/test/installation_node/setup_dir
183 root/.nvm/test/installation_node/teardown_dir
0 root/.nvm/test/mocks
70 root/.nvm/test/mocks/isainfo_amd64
63 root/.nvm/test/mocks/isainfo_x86
153 root/.nvm/test/mocks/pkg_info_amd64
7 root/.nvm/test/mocks/pkg_info_fail
12 root/.nvm/test/mocks/pkg_info_x86
189 root/.nvm/test/mocks/uname_osx_amd64
183 root/.nvm/test/mocks/uname_osx_x86
123 root/.nvm/test/mocks/uname_smartos_amd64
123 root/.nvm/test/mocks/uname_smartos_x86
0 root/.nvm/test/slow
203 root/.nvm/test/slow/Running
325 root/.nvm/test/slow/node
0 root/.nvm/test/slow/nvm
1268 root/.nvm/test/slow/nvm
549 root/.nvm/test/slow/nvm
500 root/.nvm/test/slow/nvm
507 root/.nvm/test/slow/nvm
138 root/.nvm/test/slow/nvm
176 root/.nvm/test/slow/nvm
0 root/.nvm/test/slow/nvm
705 root/.nvm/test/slow/nvm
123 root/.nvm/test/slow/nvm
1165 root/.nvm/test/slow/nvm
147 root/.nvm/test/slow/nvm
0 root/.nvm/test/slow/nvm
38 root/.nvm/test/slow/nvm
191 root/.nvm/test/slow/nvm
0 root/.nvm/test/slow/nvm
259 root/.nvm/test/slow/nvm
579 root/.nvm/test/slow/nvm
618 root/.nvm/test/slow/nvm
181 root/.nvm/test/slow/nvm
354 root/.nvm/test/slow/nvm
145 root/.nvm/test/slow/nvm
182 root/.nvm/test/slow/nvm
0 root/.nvm/test/slow/nvm
743 root/.nvm/test/slow/nvm
844 root/.nvm/test/slow/nvm
49 root/.nvm/test/slow/nvm
66 root/.nvm/test/slow/nvm
0 root/.nvm/test/slow/nvm
567 root/.nvm/test/slow/nvm
613 root/.nvm/test/slow/nvm
536 root/.nvm/test/slow/nvm
546 root/.nvm/test/slow/nvm
560 root/.nvm/test/slow/nvm
642 root/.nvm/test/slow/nvm
530 root/.nvm/test/slow/nvm
519 root/.nvm/test/slow/nvm
0 root/.nvm/test/slow/nvm_get_latest
5759 root/.nvm/test/slow/nvm_get_latest/nvm_get_latest
518 root/.nvm/test/slow/nvm_get_latest/nvm_get_latest
0 root/.nvm/test/sourcing
665 root/.nvm/test/sourcing/Sourcing
851 root/.nvm/test/sourcing/Sourcing
1030 root/.nvm/test/sourcing/Sourcing
993 root/.nvm/test/sourcing/Sourcing
314 root/.nvm/test/sourcing/Sourcing
315 root/.nvm/test/sourcing/setup
92 root/.nvm/test/sourcing/teardown
1398 root/.nvm/update_test_mocks.sh
0 root/.nvm/.cache
0 root/.nvm/.cache/bin
0 root/.nvm/.cache/bin/node-v5.12.0-linux-x64
8437976 root/.nvm/.cache/bin/node-v5.12.0-linux-x64/node-v5.12.0-linux-x64.tar.xz
0 root/.nvm/versions
0 root/.nvm/versions/node
0 root/.nvm/versions/node/v5.12.0
0 root/.nvm/versions/node/v5.12.0/etc
0 root/.nvm/versions/node/v5.12.0/bin
38 root/.nvm/versions/node/v5.12.0/bin/npm
25259868 root/.nvm/versions/node/v5.12.0/bin/node
0 root/.nvm/versions/node/v5.12.0/share
0 root/.nvm/versions/node/v5.12.0/share/man
0 root/.nvm/versions/node/v5.12.0/share/man/man1
4263 root/.nvm/versions/node/v5.12.0/share/man/man1/node.1
0 root/.nvm/versions/node/v5.12.0/share/systemtap
0 root/.nvm/versions/node/v5.12.0/share/systemtap/tapset
2361 root/.nvm/versions/node/v5.12.0/share/systemtap/tapset/node.stp
0 root/.nvm/versions/node/v5.12.0/share/doc
0 root/.nvm/versions/node/v5.12.0/share/doc/node
1316 root/.nvm/versions/node/v5.12.0/share/doc/node/gdbinit
55115 root/.nvm/versions/node/v5.12.0/LICENSE
0 root/.nvm/versions/node/v5.12.0/include
0 root/.nvm/versions/node/v5.12.0/include/node
15508 root/.nvm/versions/node/v5.12.0/include/node/zconf.h
1985 root/.nvm/versions/node/v5.12.0/include/node/uv-sunos.h
771 root/.nvm/versions/node/v5.12.0/include/node/v8-version.h
11772 root/.nvm/versions/node/v5.12.0/include/node/common.gypi
18484 root/.nvm/versions/node/v5.12.0/include/node/node.h
11678 root/.nvm/versions/node/v5.12.0/include/node/node_internals.h
31224 root/.nvm/versions/node/v5.12.0/include/node/uv-win.h
0 root/.nvm/versions/node/v5.12.0/include/node/openssl
67798 root/.nvm/versions/node/v5.12.0/include/node/openssl/evp.h
27667 root/.nvm/versions/node/v5.12.0/include/node/openssl/crypto.h
40389 root/.nvm/versions/node/v5.12.0/include/node/openssl/x509v3.h
34475 root/.nvm/versions/node/v5.12.0/include/node/openssl/asn1t.h
3939 root/.nvm/versions/node/v5.12.0/include/node/openssl/opensslv.h
616 root/.nvm/versions/node/v5.12.0/include/node/openssl/ebcdic.h
20778 root/.nvm/versions/node/v5.12.0/include/node/openssl/pkcs7.h
5772 root/.nvm/versions/node/v5.12.0/include/node/openssl/rand.h
1083 root/.nvm/versions/node/v5.12.0/include/node/openssl/whrlpool.h
63142 root/.nvm/versions/node/v5.12.0/include/node/openssl/asn1.h
41277 root/.nvm/versions/node/v5.12.0/include/node/openssl/bn.h
12049 root/.nvm/versions/node/v5.12.0/include/node/openssl/ssl2.h
56134 root/.nvm/versions/node/v5.12.0/include/node/openssl/ec.h
6853 root/.nvm/versions/node/v5.12.0/include/node/openssl/kssl.h
53250 root/.nvm/versions/node/v5.12.0/include/node/openssl/x509.h
5026 root/.nvm/versions/node/v5.12.0/include/node/openssl/buffer.h
4679 root/.nvm/versions/node/v5.12.0/include/node/openssl/idea.h
6146 root/.nvm/versions/node/v5.12.0/include/node/openssl/aes.h
175657 root/.nvm/versions/node/v5.12.0/include/node/openssl/obj_mac.h
27147 root/.nvm/versions/node/v5.12.0/include/node/openssl/ocsp.h
2395 root/.nvm/versions/node/v5.12.0/include/node/openssl/comp.h
4535 root/.nvm/versions/node/v5.12.0/include/node/openssl/hmac.h
5351 root/.nvm/versions/node/v5.12.0/include/node/openssl/blowfish.h
33281 root/.nvm/versions/node/v5.12.0/include/node/openssl/ssl3.h
5191 root/.nvm/versions/node/v5.12.0/include/node/openssl/ecdh.h
10945 root/.nvm/versions/node/v5.12.0/include/node/openssl/e_os2.h
29735 root/.nvm/versions/node/v5.12.0/include/node/openssl/rsa.h
6392 root/.nvm/versions/node/v5.12.0/include/node/openssl/opensslconf.h
16180 root/.nvm/versions/node/v5.12.0/include/node/openssl/dh.h
5925 root/.nvm/versions/node/v5.12.0/include/node/openssl/srp.h
27694 root/.nvm/versions/node/v5.12.0/include/node/openssl/symhacks.h
6040 root/.nvm/versions/node/v5.12.0/include/node/openssl/seed.h
29023 root/.nvm/versions/node/v5.12.0/include/node/openssl/x509_vfy.h
16776 root/.nvm/versions/node/v5.12.0/include/node/openssl/err.h
24435 root/.nvm/versions/node/v5.12.0/include/node/openssl/asn1_mac.h
4785 root/.nvm/versions/node/v5.12.0/include/node/openssl/md5.h
8165 root/.nvm/versions/node/v5.12.0/include/node/openssl/krb5_asn.h
5565 root/.nvm/versions/node/v5.12.0/include/node/openssl/camellia.h
3789 root/.nvm/versions/node/v5.12.0/include/node/openssl/ssl23.h
28641 root/.nvm/versions/node/v5.12.0/include/node/openssl/cms.h
38745 root/.nvm/versions/node/v5.12.0/include/node/openssl/bio.h
4786 root/.nvm/versions/node/v5.12.0/include/node/openssl/md4.h
20210 root/.nvm/versions/node/v5.12.0/include/node/openssl/dso.h
6638 root/.nvm/versions/node/v5.12.0/include/node/openssl/srtp.h
47564 root/.nvm/versions/node/v5.12.0/include/node/openssl/objects.h
14839 root/.nvm/versions/node/v5.12.0/include/node/openssl/pkcs12.h
34477 root/.nvm/versions/node/v5.12.0/include/node/openssl/ts.h
4631 root/.nvm/versions/node/v5.12.0/include/node/openssl/txt_db.h
25807 root/.nvm/versions/node/v5.12.0/include/node/openssl/pem.h
18687 root/.nvm/versions/node/v5.12.0/include/node/openssl/ui.h
3494 root/.nvm/versions/node/v5.12.0/include/node/openssl/ui_compat.h
3942 root/.nvm/versions/node/v5.12.0/include/node/openssl/mdc2.h
13662 root/.nvm/versions/node/v5.12.0/include/node/openssl/dsa.h
149230 root/.nvm/versions/node/v5.12.0/include/node/openssl/ssl.h
7929 root/.nvm/versions/node/v5.12.0/include/node/openssl/sha.h
21486 root/.nvm/versions/node/v5.12.0/include/node/openssl/des_old.h
44946 root/.nvm/versions/node/v5.12.0/include/node/openssl/engine.h
9549 root/.nvm/versions/node/v5.12.0/include/node/openssl/lhash.h
9046 root/.nvm/versions/node/v5.12.0/include/node/openssl/dtls1.h
2862 root/.nvm/versions/node/v5.12.0/include/node/openssl/pem2.h
8260 root/.nvm/versions/node/v5.12.0/include/node/openssl/modes.h
4659 root/.nvm/versions/node/v5.12.0/include/node/openssl/cast.h
3257 root/.nvm/versions/node/v5.12.0/include/node/openssl/cmac.h
4532 root/.nvm/versions/node/v5.12.0/include/node/openssl/stack.h
202903 root/.nvm/versions/node/v5.12.0/include/node/openssl/safestack.h
4546 root/.nvm/versions/node/v5.12.0/include/node/openssl/rc2.h
3807 root/.nvm/versions/node/v5.12.0/include/node/openssl/rc4.h
3673 root/.nvm/versions/node/v5.12.0/include/node/openssl/pqueue.h
11256 root/.nvm/versions/node/v5.12.0/include/node/openssl/conf.h
7788 root/.nvm/versions/node/v5.12.0/include/node/openssl/ossl_typ.h
0 root/.nvm/versions/node/v5.12.0/include/node/openssl/archs
0 root/.nvm/versions/node/v5.12.0/include/node/openssl/archs/linux-armv4
7279 root/.nvm/versions/node/v5.12.0/include/node/openssl/archs/linux-armv4/opensslconf.h
0 root/.nvm/versions/node/v5.12.0/include/node/openssl/archs/aix-gcc
7326 root/.nvm/versions/node/v5.12.0/include/node/openssl/archs/aix-gcc/opensslconf.h
0 root/.nvm/versions/node/v5.12.0/include/node/openssl/archs/VC-WIN64A
7313 root/.nvm/versions/node/v5.12.0/include/node/openssl/archs/VC-WIN64A/opensslconf.h
0 root/.nvm/versions/node/v5.12.0/include/node/openssl/archs/solaris-x86-gcc
7266 root/.nvm/versions/node/v5.12.0/include/node/openssl/archs/solaris-x86-gcc/opensslconf.h
0 root/.nvm/versions/node/v5.12.0/include/node/openssl/archs/darwin64-x86_64-cc
7346 root/.nvm/versions/node/v5.12.0/include/node/openssl/archs/darwin64-x86_64-cc/opensslconf.h
0 root/.nvm/versions/node/v5.12.0/include/node/openssl/archs/linux-ppc
7279 root/.nvm/versions/node/v5.12.0/include/node/openssl/archs/linux-ppc/opensslconf.h
0 root/.nvm/versions/node/v5.12.0/include/node/openssl/archs/VC-WIN32
7294 root/.nvm/versions/node/v5.12.0/include/node/openssl/archs/VC-WIN32/opensslconf.h
0 root/.nvm/versions/node/v5.12.0/include/node/openssl/archs/BSD-x86
7266 root/.nvm/versions/node/v5.12.0/include/node/openssl/archs/BSD-x86/opensslconf.h
0 root/.nvm/versions/node/v5.12.0/include/node/openssl/archs/linux-aarch64